<?xml version="1.0" encoding="UTF-8"?>
<robot generator="Robot 5.0.1 (Python 3.10.5 on win32)" generated="20220906 15:20:12.320" rpa="false" schemaversion="3">
<suite id="s1" name="BasicSearch" source="D:\shekhar\robotframework\Tests\ebay\BasicSearch.robot">
<test id="s1-t1" name="Verify basic search functionality for eBay" line="8">
<kw name="Start Test">
<kw name="Open Browser" library="SeleniumLibrary">
<arg>https://www.ebay.com</arg>
<arg>chrome</arg>
<doc>Opens a new browser instance to the optional ``url``.</doc>
<msg timestamp="20220906 15:20:12.665" level="INFO">Opening browser 'chrome' to base url 'https://www.ebay.com'.</msg>
<status status="PASS" starttime="20220906 15:20:12.665" endtime="20220906 15:20:25.547"/>
</kw>
<kw name="Maximize Browser Window" library="SeleniumLibrary">
<doc>Maximizes current browser window.</doc>
<status status="PASS" starttime="20220906 15:20:25.547" endtime="20220906 15:20:25.663"/>
</kw>
<status status="PASS" starttime="20220906 15:20:12.665" endtime="20220906 15:20:25.663"/>
</kw>
<kw name="Verify Search Results">
<kw name="Input Text" library="SeleniumLibrary">
<arg>xpath://*[@id="gh-ac"]</arg>
<arg>mobile</arg>
<doc>Types the given ``text`` into the text field identified by ``locator``.</doc>
<msg timestamp="20220906 15:20:25.664" level="INFO">Typing text 'mobile' into text field 'xpath://*[@id="gh-ac"]'.</msg>
<status status="PASS" starttime="20220906 15:20:25.663" endtime="20220906 15:20:25.779"/>
</kw>
<kw name="Press Keys" library="SeleniumLibrary">
<arg>xpath://*[@id="gh-btn"]</arg>
<arg>[Return]</arg>
<doc>Simulates the user pressing key(s) to an element or on the active browser.</doc>
<msg timestamp="20220906 15:20:25.780" level="INFO">Sending key(s) ('[Return]',) to xpath://*[@id="gh-btn"] element.</msg>
<msg timestamp="20220906 15:20:29.043" level="INFO">Sending keys [Return]</msg>
<status status="PASS" starttime="20220906 15:20:25.779" endtime="20220906 15:20:29.160"/>
</kw>
<kw name="Page Should Contain" library="SeleniumLibrary">
<arg>results for mobile</arg>
<doc>Verifies that current page contains ``text``.</doc>
<msg timestamp="20220906 15:20:29.175" level="INFO">Current page contains text 'results for mobile'.</msg>
<status status="PASS" starttime="20220906 15:20:29.160" endtime="20220906 15:20:29.175"/>
</kw>
<status status="PASS" starttime="20220906 15:20:25.663" endtime="20220906 15:20:29.175"/>
</kw>
<kw name="Finish Test Case">
<kw name="Close Browser" library="SeleniumLibrary">
<doc>Closes the current browser.</doc>
<status status="PASS" starttime="20220906 15:20:29.175" endtime="20220906 15:20:31.451"/>
</kw>
<status status="PASS" starttime="20220906 15:20:29.175" endtime="20220906 15:20:31.451"/>
</kw>
<doc>This test case verifies the basic search</doc>
<tag>Shekhar Pandey</tag>
<status status="PASS" starttime="20220906 15:20:12.649" endtime="20220906 15:20:31.451"/>
</test>
<doc>Basic search functionality for eBay</doc>
<status status="PASS" starttime="20220906 15:20:12.336" endtime="20220906 15:20:31.451"/>
</suite>
<statistics>
<total>
<stat pass="1" fail="0" skip="0">All Tests</stat>
</total>
<tag>
<stat pass="1" fail="0" skip="0">Shekhar Pandey</stat>
</tag>
<suite>
<stat pass="1" fail="0" skip="0" id="s1" name="BasicSearch">BasicSearch</stat>
</suite>
</statistics>
<errors>
</errors>
</robot>
